<?xml version="1.0" encoding="UTF-8"?>
<!-- Generated by org.testng.reporters.JUnitReportReporter -->
<testsuite skipped="0" hostname="EVT02097NB" name="guru.springframework.BootWebRunnerTest" tests="3" failures="0" timestamp="11 Kas 2021 12:41:20 GMT" time="17.387" errors="0">
  <testcase name="runScenario" time="8.419" classname="guru.springframework.BootWebRunnerTest"/>
  <testcase name="runScenario" time="4.442" classname="guru.springframework.BootWebRunnerTest"/>
  <testcase name="runScenario" time="4.526" classname="guru.springframework.BootWebRunnerTest"/>
</testsuite> <!-- guru.springframework.BootWebRunnerTest -->
